Arguments: 
  /usr/local/bin/node /usr/local/bin/yarn

PATH: 
  /Users/dongjie/Documents/flutter/bin/cache/dart-sdk/bin:/usr/local/opt/libxml2/bin:/Users/dongjie/Documents/flutter/bin:/usr/local/go/bin:/usr/local/opt/php@5.6/sbin:/usr/local/opt/php@5.6/bin:/Users/dongjie/anaconda3/bin:/usr/local/bin:/usr/bin:/bin:/usr/sbin:/sbin:/usr/local/go/bin:/Users/dongjie/Documents/gs/go/bin

Yarn version: 
  1.7.0

Node version: 
  8.11.3

Platform: 
  darwin x64

Trace: 
  Error: https://registry.yarnpkg.com/ms/-/ms-2.1.1.tgz: ESOCKETTIMEDOUT
      at ClientRequest.<anonymous> (/usr/local/lib/node_modules/yarn/lib/cli.js:135306:19)
      at Object.onceWrapper (events.js:313:30)
      at emitNone (events.js:106:13)
      at ClientRequest.emit (events.js:208:7)
      at TLSSocket.emitTimeout (_http_client.js:706:34)
      at Object.onceWrapper (events.js:313:30)
      at emitNone (events.js:106:13)
      at TLSSocket.emit (events.js:208:7)
      at TLSSocket.Socket._onTimeout (net.js:410:8)
      at ontimeout (timers.js:498:11)

npm manifest: 
  {
    "name": "electron-vue-webview",
    "version": "0.0.1",
    "author": "dongguanjie <dongguanjie@tripglobal.cn>",
    "description": "An electron-vue project",
    "license": null,
    "main": "./dist/electron/main.js",
    "scripts": {
      "build": "node .electron-vue/build.js && electron-builder",
      "build:dir": "node .electron-vue/build.js && electron-builder --dir",
      "build:clean": "cross-env BUILD_TARGET=clean node .electron-vue/build.js",
      "build:web": "cross-env BUILD_TARGET=web node .electron-vue/build.js",
      "dev": "node .electron-vue/dev-runner.js",
      "e2e": "npm run pack && mocha test/e2e",
      "pack": "npm run pack:main && npm run pack:renderer",
      "pack:main": "cross-env NODE_ENV=production webpack --progress --colors --config .electron-vue/webpack.main.config.js",
      "pack:renderer": "cross-env NODE_ENV=production webpack --progress --colors --config .electron-vue/webpack.renderer.config.js",
      "test": "npm run unit && npm run e2e",
      "unit": "karma start test/unit/karma.conf.js",
      "postinstall": ""
    },
    "build": {
      "productName": "electron-vue-webview",
      "appId": "com.tripg.yijie",
      "directories": {
        "output": "build"
      },
      "files": [
        "dist/electron/**/*"
      ],
      "dmg": {
        "contents": [
          {
            "x": 410,
            "y": 150,
            "type": "link",
            "path": "/Applications"
          },
          {
            "x": 130,
            "y": 150,
            "type": "file"
          }
        ]
      },
      "mac": {
        "icon": "build/icons/icon.icns"
      },
      "win": {
        "icon": "build/icons/icon.ico"
      },
      "linux": {
        "icon": "build/icons"
      }
    },
    "dependencies": {
      "vue": "^2.5.16",
      "axios": "^0.18.0",
      "vue-electron": "^1.0.6",
      "vue-router": "^3.0.1",
      "vuex": "^3.0.1",
      "vuex-electron": "^1.0.0"
    },
    "devDependencies": {
      "ajv": "^6.5.0",
      "babel-core": "^6.26.3",
      "babel-loader": "^7.1.4",
      "babel-plugin-transform-runtime": "^6.23.0",
      "babel-preset-env": "^1.7.0",
      "babel-preset-stage-0": "^6.24.1",
      "babel-register": "^6.26.0",
      "babili-webpack-plugin": "^0.1.2",
      "cfonts": "^2.1.2",
      "chalk": "^2.4.1",
      "copy-webpack-plugin": "^4.5.1",
      "cross-env": "^5.1.6",
      "css-loader": "^0.28.11",
      "del": "^3.0.0",
      "devtron": "^1.4.0",
      "electron": "^2.0.4",
      "electron-debug": "^1.5.0",
      "electron-devtools-installer": "^2.2.4",
      "electron-builder": "^20.19.2",
      "mini-css-extract-plugin": "0.4.0",
      "file-loader": "^1.1.11",
      "html-webpack-plugin": "^3.2.0",
      "inject-loader": "^4.0.1",
      "karma": "^2.0.2",
      "karma-chai": "^0.1.0",
      "karma-coverage": "^1.1.2",
      "karma-electron": "^6.0.0",
      "karma-mocha": "^1.3.0",
      "karma-sourcemap-loader": "^0.3.7",
      "karma-spec-reporter": "^0.0.32",
      "karma-webpack": "^3.0.0",
      "require-dir": "^1.0.0",
      "spectron": "^3.8.0",
      "babel-plugin-istanbul": "^4.1.6",
      "chai": "^4.1.2",
      "mocha": "^5.2.0",
      "multispinner": "^0.2.1",
      "node-loader": "^0.6.0",
      "style-loader": "^0.21.0",
      "url-loader": "^1.0.1",
      "vue-html-loader": "^1.2.4",
      "vue-loader": "^15.2.4",
      "vue-style-loader": "^4.1.0",
      "vue-template-compiler": "^2.5.16",
      "webpack-cli": "^3.0.8",
      "webpack": "^4.15.1",
      "webpack-dev-server": "^3.1.4",
      "webpack-hot-middleware": "^2.22.2",
      "webpack-merge": "^4.1.3"
    }
  }

yarn manifest: 
  No manifest

Lockfile: 
  # THIS IS AN AUTOGENERATED FILE. DO NOT EDIT THIS FILE DIRECTLY.
  # yarn lockfile v1
